<?xml version="1.0" encoding="UTF-8"?>
<!-- Generated by org.testng.reporters.JUnitReportReporter -->
<testsuite skipped="0" hostname="Twins-PC" name="com.testrunner.TestRunnerLogin" tests="2" failures="0" timestamp="20 Feb 2020 10:22:04 GMT" time="32.972" errors="0">
  <testcase name="runScenario" time="13.718" classname="com.testrunner.TestRunnerLogin"/>
  <testcase name="runScenario" time="19.254" classname="com.testrunner.TestRunnerLogin"/>
</testsuite> <!-- com.testrunner.TestRunnerLogin -->
